0 verbose cli C:\Program Files\nodejs\node.exe C:\Users\ADMIN\AppData\Roaming\npm\node_modules\npm\bin\npm-cli.js
1 info using npm@9.6.2
2 info using node@v18.14.2
3 timing npm:load:whichnode Completed in 3ms
4 timing config:load:defaults Completed in 6ms
5 timing config:load:file:C:\Users\ADMIN\AppData\Roaming\npm\node_modules\npm\npmrc Completed in 5ms
6 timing config:load:builtin Completed in 5ms
7 timing config:load:cli Completed in 5ms
8 timing config:load:env Completed in 2ms
9 timing config:load:file:C:\web_server\apache-2.4.56\htdocs\PHP\backend\.npmrc Completed in 0ms
10 timing config:load:project Completed in 4ms
11 timing config:load:file:C:\Users\ADMIN\.npmrc Completed in 1ms
12 timing config:load:user Completed in 2ms
13 timing config:load:file:C:\Users\ADMIN\AppData\Roaming\npm\etc\npmrc Completed in 1ms
14 timing config:load:global Completed in 1ms
15 timing config:load:setEnvs Completed in 2ms
16 timing config:load Completed in 28ms
17 timing npm:load:configload Completed in 28ms
18 timing npm:load:mkdirpcache Completed in 1ms
19 timing npm:load:mkdirplogs Completed in 0ms
20 verbose title npm run dev
21 verbose argv "run" "dev"
22 timing npm:load:setTitle Completed in 2ms
23 timing config:load:flatten Completed in 10ms
24 timing npm:load:display Completed in 13ms
25 verbose logfile logs-max:10 dir:C:\web_server\apache-2.4.56\htdocs\PHP\backend\_logs\2023-10-12T06_06_42_829Z-
26 verbose logfile C:\web_server\apache-2.4.56\htdocs\PHP\backend\_logs\2023-10-12T06_06_42_829Z-debug-0.log
27 timing npm:load:logFile Completed in 19ms
28 timing npm:load:timers Completed in 1ms
29 timing npm:load:configScope Completed in 0ms
30 timing npm:load Completed in 68ms
31 silly logfile done cleaning log files
32 timing command:run Completed in 306ms
33 verbose exit 1
34 timing npm Completed in 459ms
35 verbose code 1
